Unity Editor version:    2021.3.21f1 (1b156197d683)
Branch:                  2021.3/staging
Build type:              Release
Batch mode:              YES
macOS version:           Version 13.4 (Build 22F66)
Darwin version:          22.5.0
Architecture:            x86_64
Running under Rosetta:   NO
Available memory:        16384 MB
Using pre-set license
Pro License: YES

COMMAND LINE ARGUMENTS:
/Applications/Unity/Hub/Editor/2021.3.21f1/Unity.app/Contents/MacOS/Unity
-adb2
-batchMode
-noUpm
-name
AssetImportWorker2
-projectPath
/Users/ayberkmogol/Documents/GitHub/My-Land/My-Land
-logFile
Logs/AssetImportWorker2.log
-srvPort
61081
Successfully changed project path to: /Users/ayberkmogol/Documents/GitHub/My-Land/My-Land
/Users/ayberkmogol/Documents/GitHub/My-Land/My-Land
[UnityMemory] Configuration Parameters - Can be set up in boot.config
    "memorysetup-bucket-allocator-granularity=16"
    "memorysetup-bucket-allocator-bucket-count=8"
    "memorysetup-bucket-allocator-block-size=33554432"
    "memorysetup-bucket-allocator-block-count=8"
    "memorysetup-main-allocator-block-size=16777216"
    "memorysetup-thread-allocator-block-size=16777216"
    "memorysetup-gfx-main-allocator-block-size=16777216"
    "memorysetup-gfx-thread-allocator-block-size=16777216"
    "memorysetup-cache-allocator-block-size=4194304"
    "memorysetup-typetree-allocator-block-size=2097152"
    "memorysetup-profiler-bucket-allocator-granularity=16"
    "memorysetup-profiler-bucket-allocator-bucket-count=8"
    "memorysetup-profiler-bucket-allocator-block-size=33554432"
    "memorysetup-profiler-bucket-allocator-block-count=8"
    "memorysetup-profiler-allocator-block-size=16777216"
    "memorysetup-profiler-editor-allocator-block-size=1048576"
    "memorysetup-temp-allocator-size-main=16777216"
    "memorysetup-job-temp-allocator-block-size=2097152"
    "memorysetup-job-temp-allocator-block-size-background=1048576"
    "memorysetup-job-temp-allocator-reduction-small-platforms=262144"
    "memorysetup-temp-allocator-size-background-worker=32768"
    "memorysetup-temp-allocator-size-job-worker=262144"
    "memorysetup-temp-allocator-size-preload-manager=33554432"
    "memorysetup-temp-allocator-size-nav-mesh-worker=65536"
    "memorysetup-temp-allocator-size-audio-worker=65536"
    "memorysetup-temp-allocator-size-cloud-worker=32768"
    "memorysetup-temp-allocator-size-gi-baking-worker=262144"
    "memorysetup-temp-allocator-size-gfx=262144"
Player connection [140704488023616] Host "[IP] 192.168.1.36 [Port] 0 [Flags] 2 [Guid] 227575279 [EditorId] 227575279 [Version] 1048832 [Id] OSXEditor(0,Ayberks-MacBook-Pro.local) [Debug] 1 [PackageName] OSXEditor [ProjectName] Editor" joined multi-casting on [225.0.0.222:54997]...

Player connection [140704488023616] Host "[IP] 192.168.1.36 [Port] 0 [Flags] 2 [Guid] 227575279 [EditorId] 227575279 [Version] 1048832 [Id] OSXEditor(0,Ayberks-MacBook-Pro.local) [Debug] 1 [PackageName] OSXEditor [ProjectName] Editor" joined alternative multi-casting on [225.0.0.222:34997]...

Refreshing native plugins compatible for Editor in 135.51 ms, found 2 plugins.
Preloading 0 native plugins for Editor in 0.00 ms.
Initialize engine version: 2021.3.21f1 (1b156197d683)
[Subsystems] Discovering subsystems at path /Applications/Unity/Hub/Editor/2021.3.21f1/Unity.app/Contents/Resources/UnitySubsystems
[Subsystems] Discovering subsystems at path /Users/ayberkmogol/Documents/GitHub/My-Land/My-Land/Assets
GfxDevice: creating device client; threaded=0; jobified=0
Color LCD preferred device: AMD Radeon Pro 5300M (high power)
Metal devices available: 2
0: AMD Radeon Pro 5300M (high power)
1: Intel(R) UHD Graphics 630 (low power)
Using device AMD Radeon Pro 5300M (high power)
Initializing Metal device caps: AMD Radeon Pro 5300M
Initialize mono
Mono path[0] = '/Applications/Unity/Hub/Editor/2021.3.21f1/Unity.app/Contents/Managed'
Mono path[1] = '/Applications/Unity/Hub/Editor/2021.3.21f1/Unity.app/Contents/MonoBleedingEdge/lib/mono/unityjit-macos'
Mono config path = '/Applications/Unity/Hub/Editor/2021.3.21f1/Unity.app/Contents/MonoBleedingEdge/etc'
Using monoOptions --debugger-agent=transport=dt_socket,embedding=1,server=y,suspend=n,address=127.0.0.1:56471
Begin MonoManager ReloadAssembly
Registering precompiled unity dll's ...
Register platform support module: /Applications/Unity/Hub/Editor/2021.3.21f1/PlaybackEngines/WebGLSupport/UnityEditor.WebGL.Extensions.dll
Register platform support module: /Applications/Unity/Hub/Editor/2021.3.21f1/Unity.app/Contents/PlaybackEngines/MacStandaloneSupport/UnityEditor.OSXStandalone.Extensions.dll
Register platform support module: /Applications/Unity/Hub/Editor/2021.3.21f1/PlaybackEngines/AndroidPlayer/UnityEditor.Android.Extensions.dll
Register platform support module: /Applications/Unity/Hub/Editor/2021.3.21f1/PlaybackEngines/iOSSupport/UnityEditor.iOS.Extensions.dll
Registered in 0.002248 seconds.
[usbmuxd] Start listen thread
[usbmuxd] Listen thread started
[usbmuxd] Send listen message
Native extension for iOS target not found
Native extension for Android target not found
Android Extension - Scanning For ADB Devices 164 ms
Native extension for OSXStandalone target not found
Native extension for WebGL target not found
Refreshing native plugins compatible for Editor in 155.48 ms, found 2 plugins.
Preloading 0 native plugins for Editor in 0.00 ms.
Mono: successfully reloaded assembly
- Completed reload, in  1.551 seconds
Domain Reload Profiling:
	ReloadAssembly (1552ms)
		BeginReloadAssembly (125ms)
			ExecutionOrderSort (0ms)
			DisableScriptedObjects (0ms)
			BackupInstance (0ms)
			ReleaseScriptingObjects (0ms)
			CreateAndSetChildDomain (1ms)
		EndReloadAssembly (1256ms)
			LoadAssemblies (124ms)
			RebuildTransferFunctionScriptingTraits (0ms)
			SetupTypeCache (211ms)
			ReleaseScriptCaches (0ms)
			RebuildScriptCaches (53ms)
			SetupLoadedEditorAssemblies (911ms)
				LogAssemblyErrors (0ms)
				InitializePlatformSupportModulesInManaged (425ms)
				SetLoadedEditorAssemblies (0ms)
				RefreshPlugins (156ms)
				BeforeProcessingInitializeOnLoad (2ms)
				ProcessInitializeOnLoadAttributes (216ms)
				ProcessInitializeOnLoadMethodAttributes (112ms)
				AfterProcessingInitializeOnLoad (0ms)
				EditorAssembliesLoaded (0ms)
			ExecutionOrderSort2 (0ms)
			AwakeInstancesAfterBackupRestoration (0ms)
Platform modules already initialized, skipping
Registering precompiled user dll's ...
Registered in 0.005851 seconds.
Begin MonoManager ReloadAssembly
Symbol file LoadedFromMemory doesn't match image /Users/ayberkmogol/Documents/GitHub/My-Land/My-Land/Library/PackageCache/com.unity.visualscripting@1.8.0/Editor/VisualScripting.Core/Dependencies/YamlDotNet/Unity.VisualScripting.YamlDotNet.dll
Symbol file LoadedFromMemory doesn't match image /Users/ayberkmogol/Documents/GitHub/My-Land/My-Land/Library/PackageCache/com.unity.visualscripting@1.8.0/Editor/VisualScripting.Core/Dependencies/DotNetZip/Unity.VisualScripting.IonicZip.dll
Native extension for iOS target not found
Native extension for Android target not found
Native extension for OSXStandalone target not found
Native extension for WebGL target not found
Refreshing native plugins compatible for Editor in 0.63 ms, found 2 plugins.
Preloading 0 native plugins for Editor in 0.00 ms.
Mono: successfully reloaded assembly
- Completed reload, in  2.287 seconds
Domain Reload Profiling:
	ReloadAssembly (2288ms)
		BeginReloadAssembly (309ms)
			ExecutionOrderSort (0ms)
			DisableScriptedObjects (12ms)
			BackupInstance (0ms)
			ReleaseScriptingObjects (0ms)
			CreateAndSetChildDomain (82ms)
		EndReloadAssembly (1686ms)
			LoadAssemblies (219ms)
			RebuildTransferFunctionScriptingTraits (0ms)
			SetupTypeCache (708ms)
			ReleaseScriptCaches (1ms)
			RebuildScriptCaches (107ms)
			SetupLoadedEditorAssemblies (624ms)
				LogAssemblyErrors (0ms)
				InitializePlatformSupportModulesInManaged (68ms)
				SetLoadedEditorAssemblies (1ms)
				RefreshPlugins (1ms)
				BeforeProcessingInitializeOnLoad (114ms)
				ProcessInitializeOnLoadAttributes (404ms)
				ProcessInitializeOnLoadMethodAttributes (33ms)
				AfterProcessingInitializeOnLoad (3ms)
				EditorAssembliesLoaded (0ms)
			ExecutionOrderSort2 (0ms)
			AwakeInstancesAfterBackupRestoration (6ms)
Platform modules already initialized, skipping
========================================================================
Worker process is ready to serve import requests
Launching external process: /Applications/Unity/Hub/Editor/2021.3.21f1/Unity.app/Contents/Tools/UnityShaderCompiler
Launched and connected shader compiler UnityShaderCompiler after 0.12 seconds
Refreshing native plugins compatible for Editor in 0.62 ms, found 2 plugins.
Preloading 0 native plugins for Editor in 0.00 ms.
Unloading 3211 Unused Serialized files (Serialized files now loaded: 0)
Unloading 36 unused Assets / (135.6 KB). Loaded Objects now: 3676.
Memory consumption went from 109.0 MB to 108.9 MB.
Total: 4.561598 ms (FindLiveObjects: 0.321867 ms CreateObjectMapping: 0.251903 ms MarkObjects: 3.825386 ms  DeleteObjects: 0.161493 ms)

AssetImportParameters requested are different than current active one (requested -> active):
  custom:video-decoder-ogg-theora: a1e56fd34408186e4bbccfd4996cb3dc -> 
  custom:container-muxer-webm: aa71ff27fc2769a1b78a27578f13a17b -> 
  custom:container-demuxer-webm: 4f35f7cbe854078d1ac9338744f61a02 -> 
  custom:video-encoder-webm-vp8: eb34c28f22e8b96e1ab97ce403110664 -> 
  custom:framework-osx-AVFoundation: e770b220cccbd017edd2c1fefb359320 -> 
  custom:audio-encoder-webm-vorbis: bf7c407c2cedff20999df2af8eb42d56 -> 
  custom:container-demuxer-ogg: 62fdf1f143b41e24485cea50d1cbac27 -> 
  custom:video-decoder-webm-vp8: 9c59270c3fd7afecdb556c50c9e8de78 -> 
  custom:audio-decoder-ogg-vorbis: bf7c407c2cedff20999df2af8eb42d56 -> 
========================================================================
Received Import Request.
  Time since last request: 164250.912200 seconds.
  path: Assets/StylizedGrass/Materials
  artifactKey: Guid(646f9f6eee91544809b8c5a74be6493b) Importer(815301076,1909f56bfc062723c751e8b465ee728b)
Start importing Assets/StylizedGrass/Materials using Guid(646f9f6eee91544809b8c5a74be6493b) Importer(815301076,1909f56bfc062723c751e8b465ee728b)  -> (artifact id: '8d03dd8c4866bc8f03a33821eaf49c32') in 0.009209 seconds 
========================================================================
Received Import Request.
  Time since last request: 9.334687 seconds.
  path: Assets/StylizedGrass/Demo
  artifactKey: Guid(e2c32406416ac4e41a37920a0d3dc6a8) Importer(815301076,1909f56bfc062723c751e8b465ee728b)
Start importing Assets/StylizedGrass/Demo using Guid(e2c32406416ac4e41a37920a0d3dc6a8) Importer(815301076,1909f56bfc062723c751e8b465ee728b)  -> (artifact id: '0214a046650a5450200b6ef1a6fcc78b') in 0.001157 seconds 
========================================================================
Received Import Request.
  Time since last request: 4.572344 seconds.
  path: Assets/StylizedGrass/Demo/Demo - Grass.unity
  artifactKey: Guid(5498c33960cb3c3419aa224279802a5c) Importer(815301076,1909f56bfc062723c751e8b465ee728b)
Start importing Assets/StylizedGrass/Demo/Demo - Grass.unity using Guid(5498c33960cb3c3419aa224279802a5c) Importer(815301076,1909f56bfc062723c751e8b465ee728b)  -> (artifact id: '3790808030b5cde38ae2420aa3269f6a') in 0.001171 seconds 
========================================================================
Received Import Request.
  Time since last request: 18.212853 seconds.
  path: Assets/StylizedGrass/READMEdoc.pdf
  artifactKey: Guid(a2376782cb584ad40b52964b4c37b9bf) Importer(815301076,1909f56bfc062723c751e8b465ee728b)
Start importing Assets/StylizedGrass/READMEdoc.pdf using Guid(a2376782cb584ad40b52964b4c37b9bf) Importer(815301076,1909f56bfc062723c751e8b465ee728b)  -> (artifact id: '4ef048a2b26cfa81b6ba78120d2270ef') in 0.190701 seconds 
========================================================================
Received Import Request.
  Time since last request: 26.063379 seconds.
  path: Assets/StylizedGrass/VFX Graphs
  artifactKey: Guid(f5fb332bc4728534d86e537879004eee) Importer(815301076,1909f56bfc062723c751e8b465ee728b)
Start importing Assets/StylizedGrass/VFX Graphs using Guid(f5fb332bc4728534d86e537879004eee) Importer(815301076,1909f56bfc062723c751e8b465ee728b)  -> (artifact id: '0ca74197df42ae6080c6cecc2eb92fbf') in 0.001900 seconds 
========================================================================
Received Import Request.
  Time since last request: 1.310125 seconds.
  path: Assets/StylizedGrass/VFX Graphs/Grass
  artifactKey: Guid(4b8dc4ed2e337084c9cf45b4ff45ef89) Importer(815301076,1909f56bfc062723c751e8b465ee728b)
Start importing Assets/StylizedGrass/VFX Graphs/Grass using Guid(4b8dc4ed2e337084c9cf45b4ff45ef89) Importer(815301076,1909f56bfc062723c751e8b465ee728b)  -> (artifact id: 'b94baa2330fea34833f0c6b965d8b338') in 0.002115 seconds 
========================================================================
Received Import Request.
  Time since last request: 9.623393 seconds.
  path: Assets/Scenes
  artifactKey: Guid(6ea315d0fd7389c41b19996891e99ae3) Importer(815301076,1909f56bfc062723c751e8b465ee728b)
Start importing Assets/Scenes using Guid(6ea315d0fd7389c41b19996891e99ae3) Importer(815301076,1909f56bfc062723c751e8b465ee728b)  -> (artifact id: 'b8193726cff86800c54781cdc6d54904') in 0.001867 seconds 
========================================================================
Received Import Request.
  Time since last request: 0.893139 seconds.
  path: Assets/Scenes/SampleScene.unity
  artifactKey: Guid(9fc0d4010bbf28b4594072e72b8655ab) Importer(815301076,1909f56bfc062723c751e8b465ee728b)
Start importing Assets/Scenes/SampleScene.unity using Guid(9fc0d4010bbf28b4594072e72b8655ab) Importer(815301076,1909f56bfc062723c751e8b465ee728b)  -> (artifact id: 'c00623f35a2166247d43dc48082d7cfe') in 0.001076 seconds 
========================================================================
Received Import Request.
  Time since last request: 13.123887 seconds.
  path: Assets/Materials/d.mat
  artifactKey: Guid(fca6e774243224bdc97ef50a2b75e982) Importer(815301076,1909f56bfc062723c751e8b465ee728b)
Start importing Assets/Materials/d.mat using Guid(fca6e774243224bdc97ef50a2b75e982) Importer(815301076,1909f56bfc062723c751e8b465ee728b)  -> (artifact id: '32006a8d444d940cf7f09de901fc9066') in 0.501590 seconds 
========================================================================
Received Import Request.
  Time since last request: 0.000066 seconds.
  path: Assets/Materials/GroundMat.mat
  artifactKey: Guid(ab3e5e5dd5e094fb8abc2e2ff1c141b1) Importer(815301076,1909f56bfc062723c751e8b465ee728b)
Start importing Assets/Materials/GroundMat.mat using Guid(ab3e5e5dd5e094fb8abc2e2ff1c141b1) Importer(815301076,1909f56bfc062723c751e8b465ee728b)  -> (artifact id: '668cd0b8d4c2f84e93e386339f23775d') in 0.027913 seconds 
========================================================================
Received Import Request.
  Time since last request: 0.000131 seconds.
  path: Assets/StylizedGrass/Materials/grassblade - tris.mat
  artifactKey: Guid(a7f8c74f2e6d94195a5d25bd380a2581) Importer(815301076,1909f56bfc062723c751e8b465ee728b)
Start importing Assets/StylizedGrass/Materials/grassblade - tris.mat using Guid(a7f8c74f2e6d94195a5d25bd380a2581) Importer(815301076,1909f56bfc062723c751e8b465ee728b)  -> (artifact id: '2b4f073e82079aa2a386dd65870d890a') in 0.015277 seconds 
========================================================================
Received Import Request.
  Time since last request: 0.349004 seconds.
  path: Assets/StylizedGrass/Materials/Noise.mat
  artifactKey: Guid(4604529dc62984b999941f470553e8f8) Importer(815301076,1909f56bfc062723c751e8b465ee728b)
Start importing Assets/StylizedGrass/Materials/Noise.mat using Guid(4604529dc62984b999941f470553e8f8) Importer(815301076,1909f56bfc062723c751e8b465ee728b)  -> (artifact id: '89b393c8db44a836b698c4f57256cc0d') in 0.013197 seconds 
========================================================================
Received Import Request.
  Time since last request: 3.372479 seconds.
  path: Assets/Materials/TomatoBox.mat
  artifactKey: Guid(9df158ed675fc43e68ed3eeb3e3b35c8) Importer(815301076,1909f56bfc062723c751e8b465ee728b)
Start importing Assets/Materials/TomatoBox.mat using Guid(9df158ed675fc43e68ed3eeb3e3b35c8) Importer(815301076,1909f56bfc062723c751e8b465ee728b)  -> (artifact id: '5cf1abec6662a3b53b03d1eb252cdea4') in 0.012184 seconds 
========================================================================
Received Import Request.
  Time since last request: 90.111321 seconds.
  path: Assets/Hand Painted Grass  Texture/Material/Gtass_mobile.mat
  artifactKey: Guid(2ed5ac5bee18ffe4396d871af249a6b7) Importer(815301076,1909f56bfc062723c751e8b465ee728b)
Start importing Assets/Hand Painted Grass  Texture/Material/Gtass_mobile.mat using Guid(2ed5ac5bee18ffe4396d871af249a6b7) Importer(815301076,1909f56bfc062723c751e8b465ee728b)  -> (artifact id: '4d70bcbfdd72ec4d96c87abcfed92934') in 0.387718 seconds 
========================================================================
Received Import Request.
  Time since last request: 2.282590 seconds.
  path: Assets/Hand Painted Grass  Texture/Material/Gtass_normal.mat
  artifactKey: Guid(ffa9f731b331c2e40a2d09ecab6118c2) Importer(815301076,1909f56bfc062723c751e8b465ee728b)
Start importing Assets/Hand Painted Grass  Texture/Material/Gtass_normal.mat using Guid(ffa9f731b331c2e40a2d09ecab6118c2) Importer(815301076,1909f56bfc062723c751e8b465ee728b)  -> (artifact id: '165d63c03f1d99d257906718445314ca') in 0.881301 seconds 
========================================================================
Received Import Request.
  Time since last request: 13.688861 seconds.
  path: Assets/Hand Painted Grass  Texture/Texture/Grass_Base_Color.png
  artifactKey: Guid(3e56fccbd43645846b91452f3498941d) Importer(815301076,1909f56bfc062723c751e8b465ee728b)
Start importing Assets/Hand Painted Grass  Texture/Texture/Grass_Base_Color.png using Guid(3e56fccbd43645846b91452f3498941d) Importer(815301076,1909f56bfc062723c751e8b465ee728b)  -> (artifact id: 'c8a35fc2aa789e8f39d16e5331602ba5') in 0.223283 seconds 
========================================================================
Received Import Request.
  Time since last request: 128.126198 seconds.
  path: Assets/Hand Painted Grass  Texture/Texture/Grass_Ambient_Occlusion.png
  artifactKey: Guid(71468deba7cb7f64082a57412b0cca8f) Importer(815301076,1909f56bfc062723c751e8b465ee728b)
Start importing Assets/Hand Painted Grass  Texture/Texture/Grass_Ambient_Occlusion.png using Guid(71468deba7cb7f64082a57412b0cca8f) Importer(815301076,1909f56bfc062723c751e8b465ee728b)  -> (artifact id: '953848f413691cff5b527db59f1a2a98') in 0.085634 seconds 
========================================================================
Received Import Request.
  Time since last request: 0.000096 seconds.
  path: Assets/Hand Painted Grass  Texture/Texture/Grass_Roughness.png
  artifactKey: Guid(5347fc6026112854da8e63940ca13972) Importer(815301076,1909f56bfc062723c751e8b465ee728b)
Start importing Assets/Hand Painted Grass  Texture/Texture/Grass_Roughness.png using Guid(5347fc6026112854da8e63940ca13972) Importer(815301076,1909f56bfc062723c751e8b465ee728b)  -> (artifact id: 'ccc9800f99589f4c6640b6fb72e41aab') in 0.077404 seconds 
========================================================================
Received Import Request.
  Time since last request: 0.000082 seconds.
  path: Assets/Hand Painted Grass  Texture/Texture/Grass_Normal.png
  artifactKey: Guid(abdf0ea32c5d9a9459d3e4ead7c70937) Importer(815301076,1909f56bfc062723c751e8b465ee728b)
Start importing Assets/Hand Painted Grass  Texture/Texture/Grass_Normal.png using Guid(abdf0ea32c5d9a9459d3e4ead7c70937) Importer(815301076,1909f56bfc062723c751e8b465ee728b)  -> (artifact id: '36f1f302386eea58bbfbb82440d655b5') in 0.114681 seconds 
========================================================================
Received Import Request.
  Time since last request: 11.927362 seconds.
  path: Assets/Hand Painted Grass  Texture/Texture/Materials
  artifactKey: Guid(b57e9d0f28a274e9dac29877df667bdf) Importer(815301076,1909f56bfc062723c751e8b465ee728b)
Start importing Assets/Hand Painted Grass  Texture/Texture/Materials using Guid(b57e9d0f28a274e9dac29877df667bdf) Importer(815301076,1909f56bfc062723c751e8b465ee728b)  -> (artifact id: 'cbe85d5a6a98e704070dc8285fe3a2e2') in 0.001287 seconds 
========================================================================
Received Import Request.
  Time since last request: 7.346326 seconds.
  path: Assets/Hand Painted Grass  Texture/Texture/Materials/Grass_Base_Color.mat
  artifactKey: Guid(751a9952eb9c94303a9998cfc7c4c318) Importer(815301076,1909f56bfc062723c751e8b465ee728b)
Start importing Assets/Hand Painted Grass  Texture/Texture/Materials/Grass_Base_Color.mat using Guid(751a9952eb9c94303a9998cfc7c4c318) Importer(815301076,1909f56bfc062723c751e8b465ee728b)  -> (artifact id: '39624611eb9724b977f1fdd5ff829567') in 0.091901 seconds 
========================================================================
Received Import Request.
  Time since last request: 0.000083 seconds.
  path: Assets/Hand Painted Grass  Texture/Texture/Materials/Grass_Normal.mat
  artifactKey: Guid(cf1324c7ac92f4dc68def201c67a9e60) Importer(815301076,1909f56bfc062723c751e8b465ee728b)
Start importing Assets/Hand Painted Grass  Texture/Texture/Materials/Grass_Normal.mat using Guid(cf1324c7ac92f4dc68def201c67a9e60) Importer(815301076,1909f56bfc062723c751e8b465ee728b)  -> (artifact id: '5f7e0533a6b0236896872ae6cd673cff') in 0.077290 seconds 
========================================================================
Received Import Request.
  Time since last request: 4.391773 seconds.
  path: Assets/Materials/GroundMat.mat
  artifactKey: Guid(ab3e5e5dd5e094fb8abc2e2ff1c141b1) Importer(815301076,1909f56bfc062723c751e8b465ee728b)
Start importing Assets/Materials/GroundMat.mat using Guid(ab3e5e5dd5e094fb8abc2e2ff1c141b1) Importer(815301076,1909f56bfc062723c751e8b465ee728b)  -> (artifact id: '2d2d24037f4bc679a9ade1bbeee3fee5') in 0.023644 seconds 
========================================================================
Received Import Request.
  Time since last request: 63.941680 seconds.
  path: Assets/Hand Painted Grass  Texture
  artifactKey: Guid(8be32bb4294804e4c82f3a28de8ac642) Importer(815301076,1909f56bfc062723c751e8b465ee728b)
Start importing Assets/Hand Painted Grass  Texture using Guid(8be32bb4294804e4c82f3a28de8ac642) Importer(815301076,1909f56bfc062723c751e8b465ee728b)  -> (artifact id: '0a87cba07da4fbd4c7364ad2f8a6ccfe') in 0.001777 seconds 
========================================================================
Received Import Request.
  Time since last request: 11.471885 seconds.
  path: Assets/Scripts/ProductData.cs
  artifactKey: Guid(c3c8b5fc0c0e94b55bc29ff2e6d13bb8) Importer(815301076,1909f56bfc062723c751e8b465ee728b)
Start importing Assets/Scripts/ProductData.cs using Guid(c3c8b5fc0c0e94b55bc29ff2e6d13bb8) Importer(815301076,1909f56bfc062723c751e8b465ee728b)  -> (artifact id: '42f486348b1e6ca1f45c3efc03ab41bd') in 0.165313 seconds 
========================================================================
Received Prepare
Registering precompiled user dll's ...
Registered in 0.004236 seconds.
Begin MonoManager ReloadAssembly
Symbol file LoadedFromMemory doesn't match image /Users/ayberkmogol/Documents/GitHub/My-Land/My-Land/Library/PackageCache/com.unity.visualscripting@1.8.0/Editor/VisualScripting.Core/Dependencies/YamlDotNet/Unity.VisualScripting.YamlDotNet.dll
Symbol file LoadedFromMemory doesn't match image /Users/ayberkmogol/Documents/GitHub/My-Land/My-Land/Library/PackageCache/com.unity.visualscripting@1.8.0/Editor/VisualScripting.Core/Dependencies/DotNetZip/Unity.VisualScripting.IonicZip.dll
Native extension for iOS target not found
Native extension for Android target not found
Native extension for OSXStandalone target not found
Native extension for WebGL target not found
Refreshing native plugins compatible for Editor in 0.73 ms, found 2 plugins.
Preloading 0 native plugins for Editor in 0.00 ms.
Mono: successfully reloaded assembly
- Completed reload, in  1.708 seconds
Domain Reload Profiling:
	ReloadAssembly (1709ms)
		BeginReloadAssembly (214ms)
			ExecutionOrderSort (0ms)
			DisableScriptedObjects (7ms)
			BackupInstance (0ms)
			ReleaseScriptingObjects (0ms)
			CreateAndSetChildDomain (74ms)
		EndReloadAssembly (1345ms)
			LoadAssemblies (119ms)
			RebuildTransferFunctionScriptingTraits (0ms)
			SetupTypeCache (502ms)
			ReleaseScriptCaches (1ms)
			RebuildScriptCaches (80ms)
			SetupLoadedEditorAssemblies (511ms)
				LogAssemblyErrors (0ms)
				InitializePlatformSupportModulesInManaged (50ms)
				SetLoadedEditorAssemblies (1ms)
				RefreshPlugins (1ms)
				BeforeProcessingInitializeOnLoad (85ms)
				ProcessInitializeOnLoadAttributes (339ms)
				ProcessInitializeOnLoadMethodAttributes (32ms)
				AfterProcessingInitializeOnLoad (2ms)
				EditorAssembliesLoaded (0ms)
			ExecutionOrderSort2 (0ms)
			AwakeInstancesAfterBackupRestoration (5ms)
Platform modules already initialized, skipping
Refreshing native plugins compatible for Editor in 1.52 ms, found 2 plugins.
Preloading 0 native plugins for Editor in 0.00 ms.
Unloading 3207 Unused Serialized files (Serialized files now loaded: 0)
Unloading 18 unused Assets / (135.0 KB). Loaded Objects now: 3740.
Memory consumption went from 128.5 MB to 128.4 MB.
Total: 4.292935 ms (FindLiveObjects: 0.307577 ms CreateObjectMapping: 0.220788 ms MarkObjects: 3.655917 ms  DeleteObjects: 0.107725 ms)

AssetImportParameters requested are different than current active one (requested -> active):
  custom:video-decoder-ogg-theora: a1e56fd34408186e4bbccfd4996cb3dc -> 
  custom:container-muxer-webm: aa71ff27fc2769a1b78a27578f13a17b -> 
  custom:container-demuxer-webm: 4f35f7cbe854078d1ac9338744f61a02 -> 
  custom:video-encoder-webm-vp8: eb34c28f22e8b96e1ab97ce403110664 -> 
  custom:framework-osx-AVFoundation: e770b220cccbd017edd2c1fefb359320 -> 
  custom:audio-encoder-webm-vorbis: bf7c407c2cedff20999df2af8eb42d56 -> 
  custom:container-demuxer-ogg: 62fdf1f143b41e24485cea50d1cbac27 -> 
  custom:video-decoder-webm-vp8: 9c59270c3fd7afecdb556c50c9e8de78 -> 
  custom:audio-decoder-ogg-vorbis: bf7c407c2cedff20999df2af8eb42d56 -> 
========================================================================
Received Prepare
Registering precompiled user dll's ...
Registered in 0.003990 seconds.
Begin MonoManager ReloadAssembly
Symbol file LoadedFromMemory doesn't match image /Users/ayberkmogol/Documents/GitHub/My-Land/My-Land/Library/PackageCache/com.unity.visualscripting@1.8.0/Editor/VisualScripting.Core/Dependencies/YamlDotNet/Unity.VisualScripting.YamlDotNet.dll
Symbol file LoadedFromMemory doesn't match image /Users/ayberkmogol/Documents/GitHub/My-Land/My-Land/Library/PackageCache/com.unity.visualscripting@1.8.0/Editor/VisualScripting.Core/Dependencies/DotNetZip/Unity.VisualScripting.IonicZip.dll
Native extension for iOS target not found
Native extension for Android target not found
Native extension for OSXStandalone target not found
Native extension for WebGL target not found
Refreshing native plugins compatible for Editor in 0.60 ms, found 2 plugins.
Preloading 0 native plugins for Editor in 0.00 ms.
Mono: successfully reloaded assembly
- Completed reload, in  1.637 seconds
Domain Reload Profiling:
	ReloadAssembly (1638ms)
		BeginReloadAssembly (213ms)
			ExecutionOrderSort (0ms)
			DisableScriptedObjects (8ms)
			BackupInstance (0ms)
			ReleaseScriptingObjects (0ms)
			CreateAndSetChildDomain (72ms)
		EndReloadAssembly (1275ms)
			LoadAssemblies (117ms)
			RebuildTransferFunctionScriptingTraits (0ms)
			SetupTypeCache (484ms)
			ReleaseScriptCaches (1ms)
			RebuildScriptCaches (80ms)
			SetupLoadedEditorAssemblies (497ms)
				LogAssemblyErrors (0ms)
				InitializePlatformSupportModulesInManaged (48ms)
				SetLoadedEditorAssemblies (1ms)
				RefreshPlugins (1ms)
				BeforeProcessingInitializeOnLoad (82ms)
				ProcessInitializeOnLoadAttributes (330ms)
				ProcessInitializeOnLoadMethodAttributes (33ms)
				AfterProcessingInitializeOnLoad (3ms)
				EditorAssembliesLoaded (0ms)
			ExecutionOrderSort2 (0ms)
			AwakeInstancesAfterBackupRestoration (6ms)
Platform modules already initialized, skipping
Refreshing native plugins compatible for Editor in 1.72 ms, found 2 plugins.
Preloading 0 native plugins for Editor in 0.00 ms.
Unloading 3207 Unused Serialized files (Serialized files now loaded: 0)
Unloading 18 unused Assets / (134.9 KB). Loaded Objects now: 3755.
Memory consumption went from 128.6 MB to 128.4 MB.
Total: 4.067642 ms (FindLiveObjects: 0.285726 ms CreateObjectMapping: 0.210169 ms MarkObjects: 3.455567 ms  DeleteObjects: 0.115213 ms)

AssetImportParameters requested are different than current active one (requested -> active):
  custom:video-decoder-ogg-theora: a1e56fd34408186e4bbccfd4996cb3dc -> 
  custom:container-muxer-webm: aa71ff27fc2769a1b78a27578f13a17b -> 
  custom:container-demuxer-webm: 4f35f7cbe854078d1ac9338744f61a02 -> 
  custom:video-encoder-webm-vp8: eb34c28f22e8b96e1ab97ce403110664 -> 
  custom:framework-osx-AVFoundation: e770b220cccbd017edd2c1fefb359320 -> 
  custom:audio-encoder-webm-vorbis: bf7c407c2cedff20999df2af8eb42d56 -> 
  custom:container-demuxer-ogg: 62fdf1f143b41e24485cea50d1cbac27 -> 
  custom:video-decoder-webm-vp8: 9c59270c3fd7afecdb556c50c9e8de78 -> 
  custom:audio-decoder-ogg-vorbis: bf7c407c2cedff20999df2af8eb42d56 -> 
========================================================================
Received Import Request.
  Time since last request: 439.469184 seconds.
  path: Assets/Scripts/Tomate.asset
  artifactKey: Guid(5be375bdab08748278f004901a91aaf7) Importer(815301076,1909f56bfc062723c751e8b465ee728b)
Start importing Assets/Scripts/Tomate.asset using Guid(5be375bdab08748278f004901a91aaf7) Importer(815301076,1909f56bfc062723c751e8b465ee728b)  -> (artifact id: '3f850df9536b221856407a311a5b4cae') in 0.145913 seconds 
========================================================================
Received Import Request.
  Time since last request: 6.100477 seconds.
  path: Assets/Scripts/Tomato.asset
  artifactKey: Guid(5be375bdab08748278f004901a91aaf7) Importer(815301076,1909f56bfc062723c751e8b465ee728b)
Start importing Assets/Scripts/Tomato.asset using Guid(5be375bdab08748278f004901a91aaf7) Importer(815301076,1909f56bfc062723c751e8b465ee728b)  -> (artifact id: '5b89c30d5158410c34990869ab192fcc') in 0.004927 seconds 
========================================================================
Received Import Request.
  Time since last request: 8.382384 seconds.
  path: Assets/Scripts/Data
  artifactKey: Guid(6bfa048cda42740b4b019c6c1c53578a) Importer(815301076,1909f56bfc062723c751e8b465ee728b)
Start importing Assets/Scripts/Data using Guid(6bfa048cda42740b4b019c6c1c53578a) Importer(815301076,1909f56bfc062723c751e8b465ee728b)  -> (artifact id: '1eb8c0280fb30ac0b3f282e23fe0cd04') in 0.001354 seconds 
========================================================================
Received Prepare
Registering precompiled user dll's ...
Registered in 0.003566 seconds.
Begin MonoManager ReloadAssembly
Symbol file LoadedFromMemory doesn't match image /Users/ayberkmogol/Documents/GitHub/My-Land/My-Land/Library/PackageCache/com.unity.visualscripting@1.8.0/Editor/VisualScripting.Core/Dependencies/YamlDotNet/Unity.VisualScripting.YamlDotNet.dll
Symbol file LoadedFromMemory doesn't match image /Users/ayberkmogol/Documents/GitHub/My-Land/My-Land/Library/PackageCache/com.unity.visualscripting@1.8.0/Editor/VisualScripting.Core/Dependencies/DotNetZip/Unity.VisualScripting.IonicZip.dll
Native extension for iOS target not found
Native extension for Android target not found
Native extension for OSXStandalone target not found
Native extension for WebGL target not found
Refreshing native plugins compatible for Editor in 0.60 ms, found 2 plugins.
Preloading 0 native plugins for Editor in 0.00 ms.
Mono: successfully reloaded assembly
- Completed reload, in  1.775 seconds
Domain Reload Profiling:
	ReloadAssembly (1776ms)
		BeginReloadAssembly (212ms)
			ExecutionOrderSort (0ms)
			DisableScriptedObjects (8ms)
			BackupInstance (0ms)
			ReleaseScriptingObjects (0ms)
			CreateAndSetChildDomain (72ms)
		EndReloadAssembly (1391ms)
			LoadAssemblies (121ms)
			RebuildTransferFunctionScriptingTraits (0ms)
			SetupTypeCache (525ms)
			ReleaseScriptCaches (1ms)
			RebuildScriptCaches (90ms)
			SetupLoadedEditorAssemblies (530ms)
				LogAssemblyErrors (0ms)
				InitializePlatformSupportModulesInManaged (50ms)
				SetLoadedEditorAssemblies (1ms)
				RefreshPlugins (1ms)
				BeforeProcessingInitializeOnLoad (85ms)
				ProcessInitializeOnLoadAttributes (360ms)
				ProcessInitializeOnLoadMethodAttributes (31ms)
				AfterProcessingInitializeOnLoad (3ms)
				EditorAssembliesLoaded (0ms)
			ExecutionOrderSort2 (0ms)
			AwakeInstancesAfterBackupRestoration (5ms)
Platform modules already initialized, skipping
Refreshing native plugins compatible for Editor in 1.53 ms, found 2 plugins.
Preloading 0 native plugins for Editor in 0.00 ms.
Unloading 3207 Unused Serialized files (Serialized files now loaded: 0)
Unloading 18 unused Assets / (134.8 KB). Loaded Objects now: 3770.
Memory consumption went from 132.7 MB to 132.6 MB.
Total: 4.110247 ms (FindLiveObjects: 0.301312 ms CreateObjectMapping: 0.203610 ms MarkObjects: 3.491303 ms  DeleteObjects: 0.112590 ms)

AssetImportParameters requested are different than current active one (requested -> active):
  custom:video-decoder-ogg-theora: a1e56fd34408186e4bbccfd4996cb3dc -> 
  custom:container-muxer-webm: aa71ff27fc2769a1b78a27578f13a17b -> 
  custom:container-demuxer-webm: 4f35f7cbe854078d1ac9338744f61a02 -> 
  custom:video-encoder-webm-vp8: eb34c28f22e8b96e1ab97ce403110664 -> 
  custom:framework-osx-AVFoundation: e770b220cccbd017edd2c1fefb359320 -> 
  custom:audio-encoder-webm-vorbis: bf7c407c2cedff20999df2af8eb42d56 -> 
  custom:container-demuxer-ogg: 62fdf1f143b41e24485cea50d1cbac27 -> 
  custom:video-decoder-webm-vp8: 9c59270c3fd7afecdb556c50c9e8de78 -> 
  custom:audio-decoder-ogg-vorbis: bf7c407c2cedff20999df2af8eb42d56 -> 
========================================================================
Received Import Request.
  Time since last request: 79.343249 seconds.
  path: Assets/Scripts/Data/Tomato.asset
  artifactKey: Guid(5be375bdab08748278f004901a91aaf7) Importer(815301076,1909f56bfc062723c751e8b465ee728b)
Start importing Assets/Scripts/Data/Tomato.asset using Guid(5be375bdab08748278f004901a91aaf7) Importer(815301076,1909f56bfc062723c751e8b465ee728b)  -> (artifact id: 'bed21cda0f28d3aedabea8fa6284b567') in 0.022459 seconds 
========================================================================
Received Prepare
Registering precompiled user dll's ...
Registered in 0.003745 seconds.
Begin MonoManager ReloadAssembly
Symbol file LoadedFromMemory doesn't match image /Users/ayberkmogol/Documents/GitHub/My-Land/My-Land/Library/PackageCache/com.unity.visualscripting@1.8.0/Editor/VisualScripting.Core/Dependencies/YamlDotNet/Unity.VisualScripting.YamlDotNet.dll
Symbol file LoadedFromMemory doesn't match image /Users/ayberkmogol/Documents/GitHub/My-Land/My-Land/Library/PackageCache/com.unity.visualscripting@1.8.0/Editor/VisualScripting.Core/Dependencies/DotNetZip/Unity.VisualScripting.IonicZip.dll
Native extension for iOS target not found
Native extension for Android target not found
Native extension for OSXStandalone target not found
Native extension for WebGL target not found
Refreshing native plugins compatible for Editor in 0.68 ms, found 2 plugins.
Preloading 0 native plugins for Editor in 0.00 ms.
Mono: successfully reloaded assembly
- Completed reload, in  1.758 seconds
Domain Reload Profiling:
	ReloadAssembly (1759ms)
		BeginReloadAssembly (216ms)
			ExecutionOrderSort (0ms)
			DisableScriptedObjects (8ms)
			BackupInstance (0ms)
			ReleaseScriptingObjects (0ms)
			CreateAndSetChildDomain (75ms)
		EndReloadAssembly (1394ms)
			LoadAssemblies (118ms)
			RebuildTransferFunctionScriptingTraits (0ms)
			SetupTypeCache (479ms)
			ReleaseScriptCaches (1ms)
			RebuildScriptCaches (100ms)
			SetupLoadedEditorAssemblies (594ms)
				LogAssemblyErrors (0ms)
				InitializePlatformSupportModulesInManaged (51ms)
				SetLoadedEditorAssemblies (1ms)
				RefreshPlugins (1ms)
				BeforeProcessingInitializeOnLoad (118ms)
				ProcessInitializeOnLoadAttributes (378ms)
				ProcessInitializeOnLoadMethodAttributes (43ms)
				AfterProcessingInitializeOnLoad (3ms)
				EditorAssembliesLoaded (0ms)
			ExecutionOrderSort2 (0ms)
			AwakeInstancesAfterBackupRestoration (6ms)
Platform modules already initialized, skipping
Refreshing native plugins compatible for Editor in 1.46 ms, found 2 plugins.
Preloading 0 native plugins for Editor in 0.00 ms.
Unloading 3207 Unused Serialized files (Serialized files now loaded: 0)
Unloading 18 unused Assets / (139.1 KB). Loaded Objects now: 3785.
Memory consumption went from 132.7 MB to 132.6 MB.
Total: 4.227650 ms (FindLiveObjects: 0.327902 ms CreateObjectMapping: 0.222581 ms MarkObjects: 3.569608 ms  DeleteObjects: 0.106626 ms)

AssetImportParameters requested are different than current active one (requested -> active):
  custom:video-decoder-ogg-theora: a1e56fd34408186e4bbccfd4996cb3dc -> 
  custom:container-muxer-webm: aa71ff27fc2769a1b78a27578f13a17b -> 
  custom:container-demuxer-webm: 4f35f7cbe854078d1ac9338744f61a02 -> 
  custom:video-encoder-webm-vp8: eb34c28f22e8b96e1ab97ce403110664 -> 
  custom:framework-osx-AVFoundation: e770b220cccbd017edd2c1fefb359320 -> 
  custom:audio-encoder-webm-vorbis: bf7c407c2cedff20999df2af8eb42d56 -> 
  custom:container-demuxer-ogg: 62fdf1f143b41e24485cea50d1cbac27 -> 
  custom:video-decoder-webm-vp8: 9c59270c3fd7afecdb556c50c9e8de78 -> 
  custom:audio-decoder-ogg-vorbis: bf7c407c2cedff20999df2af8eb42d56 -> 
========================================================================
Received Prepare
Registering precompiled user dll's ...
Registered in 0.003344 seconds.
Begin MonoManager ReloadAssembly
Symbol file LoadedFromMemory doesn't match image /Users/ayberkmogol/Documents/GitHub/My-Land/My-Land/Library/PackageCache/com.unity.visualscripting@1.8.0/Editor/VisualScripting.Core/Dependencies/YamlDotNet/Unity.VisualScripting.YamlDotNet.dll
Symbol file LoadedFromMemory doesn't match image /Users/ayberkmogol/Documents/GitHub/My-Land/My-Land/Library/PackageCache/com.unity.visualscripting@1.8.0/Editor/VisualScripting.Core/Dependencies/DotNetZip/Unity.VisualScripting.IonicZip.dll
Native extension for iOS target not found
Native extension for Android target not found
Native extension for OSXStandalone target not found
Native extension for WebGL target not found
Refreshing native plugins compatible for Editor in 0.60 ms, found 2 plugins.
Preloading 0 native plugins for Editor in 0.00 ms.
Mono: successfully reloaded assembly
- Completed reload, in  1.610 seconds
Domain Reload Profiling:
	ReloadAssembly (1611ms)
		BeginReloadAssembly (211ms)
			ExecutionOrderSort (0ms)
			DisableScriptedObjects (8ms)
			BackupInstance (0ms)
			ReleaseScriptingObjects (0ms)
			CreateAndSetChildDomain (73ms)
		EndReloadAssembly (1251ms)
			LoadAssemblies (115ms)
			RebuildTransferFunctionScriptingTraits (0ms)
			SetupTypeCache (474ms)
			ReleaseScriptCaches (1ms)
			RebuildScriptCaches (86ms)
			SetupLoadedEditorAssemblies (486ms)
				LogAssemblyErrors (0ms)
				InitializePlatformSupportModulesInManaged (47ms)
				SetLoadedEditorAssemblies (1ms)
				RefreshPlugins (1ms)
				BeforeProcessingInitializeOnLoad (80ms)
				ProcessInitializeOnLoadAttributes (324ms)
				ProcessInitializeOnLoadMethodAttributes (31ms)
				AfterProcessingInitializeOnLoad (3ms)
				EditorAssembliesLoaded (0ms)
			ExecutionOrderSort2 (0ms)
			AwakeInstancesAfterBackupRestoration (5ms)
Platform modules already initialized, skipping
Refreshing native plugins compatible for Editor in 1.44 ms, found 2 plugins.
Preloading 0 native plugins for Editor in 0.00 ms.
Unloading 3207 Unused Serialized files (Serialized files now loaded: 0)
Unloading 18 unused Assets / (132.6 KB). Loaded Objects now: 3800.
Memory consumption went from 132.7 MB to 132.6 MB.
Total: 4.351452 ms (FindLiveObjects: 0.330348 ms CreateObjectMapping: 0.371617 ms MarkObjects: 3.536800 ms  DeleteObjects: 0.111628 ms)

AssetImportParameters requested are different than current active one (requested -> active):
  custom:video-decoder-ogg-theora: a1e56fd34408186e4bbccfd4996cb3dc -> 
  custom:container-muxer-webm: aa71ff27fc2769a1b78a27578f13a17b -> 
  custom:container-demuxer-webm: 4f35f7cbe854078d1ac9338744f61a02 -> 
  custom:video-encoder-webm-vp8: eb34c28f22e8b96e1ab97ce403110664 -> 
  custom:framework-osx-AVFoundation: e770b220cccbd017edd2c1fefb359320 -> 
  custom:audio-encoder-webm-vorbis: bf7c407c2cedff20999df2af8eb42d56 -> 
  custom:container-demuxer-ogg: 62fdf1f143b41e24485cea50d1cbac27 -> 
  custom:video-decoder-webm-vp8: 9c59270c3fd7afecdb556c50c9e8de78 -> 
  custom:audio-decoder-ogg-vorbis: bf7c407c2cedff20999df2af8eb42d56 -> 
========================================================================
Received Import Request.
  Time since last request: 1782.867138 seconds.
  path: Assets/Prefab/TomatoBox.prefab
  artifactKey: Guid(6e77c557263f543ddb3c978fff59bb79) Importer(815301076,1909f56bfc062723c751e8b465ee728b)
Start importing Assets/Prefab/TomatoBox.prefab using Guid(6e77c557263f543ddb3c978fff59bb79) Importer(815301076,1909f56bfc062723c751e8b465ee728b)  -> (artifact id: 'a7036162e6526b513417d38aaa250760') in 0.234386 seconds 
========================================================================
Received Import Request.
  Time since last request: 0.431590 seconds.
  path: Assets/Prefab/TomatoPlant_00.prefab
  artifactKey: Guid(9083b7f916e3c4dddb4a1b6e9be76650) Importer(815301076,1909f56bfc062723c751e8b465ee728b)
Start importing Assets/Prefab/TomatoPlant_00.prefab using Guid(9083b7f916e3c4dddb4a1b6e9be76650) Importer(815301076,1909f56bfc062723c751e8b465ee728b)  -> (artifact id: '2a7b9f53a6348bf8f095555b44b87bb8') in 0.043553 seconds 
========================================================================
Received Import Request.
  Time since last request: 8.420551 seconds.
  path: Assets/AssetStore/LowPolyFarmLite/Prefabs/Box_01.prefab
  artifactKey: Guid(d26dc1241d332c342b898a57f1164932) Importer(815301076,1909f56bfc062723c751e8b465ee728b)
Start importing Assets/AssetStore/LowPolyFarmLite/Prefabs/Box_01.prefab using Guid(d26dc1241d332c342b898a57f1164932) Importer(815301076,1909f56bfc062723c751e8b465ee728b)  -> (artifact id: '2cda15089aa4040f82ab929b070ad0fd') in 0.025351 seconds 
========================================================================
Received Import Request.
  Time since last request: 0.415854 seconds.
  path: Assets/AssetStore/LowPolyFarmLite/Prefabs/Cabbage_01.prefab
  artifactKey: Guid(aec8969d0290c6d4cbc587ef85a01ce4) Importer(815301076,1909f56bfc062723c751e8b465ee728b)
Start importing Assets/AssetStore/LowPolyFarmLite/Prefabs/Cabbage_01.prefab using Guid(aec8969d0290c6d4cbc587ef85a01ce4) Importer(815301076,1909f56bfc062723c751e8b465ee728b)  -> (artifact id: 'a790b1067b3f2b4188b8c55e2083914e') in 0.039113 seconds 
========================================================================
Received Import Request.
  Time since last request: 446.688088 seconds.
  path: Assets/Prefab/Cabbage_01 (1).prefab
  artifactKey: Guid(ef41a4403b53140d48eb10e2a2972aa7) Importer(815301076,1909f56bfc062723c751e8b465ee728b)
Start importing Assets/Prefab/Cabbage_01 (1).prefab using Guid(ef41a4403b53140d48eb10e2a2972aa7) Importer(815301076,1909f56bfc062723c751e8b465ee728b)  -> (artifact id: 'c69adbd3836892b73c1f1edd40270541') in 0.028580 seconds 
========================================================================
Received Import Request.
  Time since last request: 56.551812 seconds.
  path: Assets/Prefab/Mud_01.prefab
  artifactKey: Guid(07b1c5f4271aa4490bd7e724d725784d) Importer(815301076,1909f56bfc062723c751e8b465ee728b)
Start importing Assets/Prefab/Mud_01.prefab using Guid(07b1c5f4271aa4490bd7e724d725784d) Importer(815301076,1909f56bfc062723c751e8b465ee728b)  -> (artifact id: 'ae2d9708fc219969df291ea1c1542940') in 0.027093 seconds 
========================================================================
Received Import Request.
  Time since last request: 24.939321 seconds.
  path: Assets/Prefab/Mud_01 1.prefab
  artifactKey: Guid(bca0b85c0661f4d7ba7edd12e48eb0a6) Importer(815301076,1909f56bfc062723c751e8b465ee728b)
Start importing Assets/Prefab/Mud_01 1.prefab using Guid(bca0b85c0661f4d7ba7edd12e48eb0a6) Importer(815301076,1909f56bfc062723c751e8b465ee728b)  -> (artifact id: 'fba103d9368acea34c9fb33cec591913') in 0.032124 seconds 
========================================================================
Received Import Request.
  Time since last request: 16.828153 seconds.
  path: Assets/Prefab/Mud_01.prefab
  artifactKey: Guid(07b1c5f4271aa4490bd7e724d725784d) Importer(815301076,1909f56bfc062723c751e8b465ee728b)
Start importing Assets/Prefab/Mud_01.prefab using Guid(07b1c5f4271aa4490bd7e724d725784d) Importer(815301076,1909f56bfc062723c751e8b465ee728b)  -> (artifact id: '6c2bfe9a3a7e40cb97f0d41e1688d7f8') in 0.030384 seconds 
========================================================================
Received Import Request.
  Time since last request: 19.750820 seconds.
  path: Assets/Scripts/Data/Tomato 1.asset
  artifactKey: Guid(61ff92fc9eacd4e128fe5df5494e913f) Importer(815301076,1909f56bfc062723c751e8b465ee728b)
Start importing Assets/Scripts/Data/Tomato 1.asset using Guid(61ff92fc9eacd4e128fe5df5494e913f) Importer(815301076,1909f56bfc062723c751e8b465ee728b)  -> (artifact id: 'fcd53a59317d0afa6531fe4f8737a022') in 0.004552 seconds 
========================================================================
Received Import Request.
  Time since last request: 11.481196 seconds.
  path: Assets/Scripts/Data/Cabbage.asset
  artifactKey: Guid(61ff92fc9eacd4e128fe5df5494e913f) Importer(815301076,1909f56bfc062723c751e8b465ee728b)
Start importing Assets/Scripts/Data/Cabbage.asset using Guid(61ff92fc9eacd4e128fe5df5494e913f) Importer(815301076,1909f56bfc062723c751e8b465ee728b)  -> (artifact id: 'd58ba08069658f5385dcb328f8d0608f') in 0.003674 seconds 
========================================================================
Received Import Request.
  Time since last request: 48.354443 seconds.
  path: Assets/Prefab/CabbageField.prefab
  artifactKey: Guid(282c351e424f241cc975e422f8f76804) Importer(815301076,1909f56bfc062723c751e8b465ee728b)
Start importing Assets/Prefab/CabbageField.prefab using Guid(282c351e424f241cc975e422f8f76804) Importer(815301076,1909f56bfc062723c751e8b465ee728b)  -> (artifact id: '12322983771f9ca9049eb55a5aacf5fa') in 0.038957 seconds 
========================================================================
Received Import Request.
  Time since last request: 36.400759 seconds.
  path: Assets/Prefab/Products
  artifactKey: Guid(d20c0bb4e62994052acad6e2bd8d10ca) Importer(815301076,1909f56bfc062723c751e8b465ee728b)
Start importing Assets/Prefab/Products using Guid(d20c0bb4e62994052acad6e2bd8d10ca) Importer(815301076,1909f56bfc062723c751e8b465ee728b)  -> (artifact id: '9617c40e2bcc4192cc8ccb9f12b97e18') in 0.002390 seconds 
========================================================================
Received Import Request.
  Time since last request: 274.984586 seconds.
  path: Assets/Prefab/Products/CabbageBox.prefab
  artifactKey: Guid(5b6edd5b1c79446c1b19ed18e31a3e60) Importer(815301076,1909f56bfc062723c751e8b465ee728b)
Start importing Assets/Prefab/Products/CabbageBox.prefab using Guid(5b6edd5b1c79446c1b19ed18e31a3e60) Importer(815301076,1909f56bfc062723c751e8b465ee728b)  -> (artifact id: '9dd77728da07f78221447cf5c6ca30a9') in 0.045448 seconds 
========================================================================
Received Import Request.
  Time since last request: 192.465438 seconds.
  path: Assets/Prefab/Products/CabbageBox.prefab
  artifactKey: Guid(5b6edd5b1c79446c1b19ed18e31a3e60) Importer(815301076,1909f56bfc062723c751e8b465ee728b)
Start importing Assets/Prefab/Products/CabbageBox.prefab using Guid(5b6edd5b1c79446c1b19ed18e31a3e60) Importer(815301076,1909f56bfc062723c751e8b465ee728b)  -> (artifact id: '6b1a950158e7e955ba12e9f66b630288') in 0.030043 seconds 
========================================================================
Received Import Request.
  Time since last request: 45.991100 seconds.
  path: Assets/Scripts/Data/Cabbage.asset
  artifactKey: Guid(61ff92fc9eacd4e128fe5df5494e913f) Importer(815301076,1909f56bfc062723c751e8b465ee728b)
Start importing Assets/Scripts/Data/Cabbage.asset using Guid(61ff92fc9eacd4e128fe5df5494e913f) Importer(815301076,1909f56bfc062723c751e8b465ee728b)  -> (artifact id: '8df58370b3cf876ae2486e27f5e6e5c1') in 0.004216 seconds 
========================================================================
Received Import Request.
  Time since last request: 3.139163 seconds.
  path: Assets/AssetStore/Downtown Game Studio/HYPERCASUAL - Simple Female & Male Characters/Prefabs/Male.prefab
  artifactKey: Guid(a44228eac41794d45804be4a70225e28) Importer(815301076,1909f56bfc062723c751e8b465ee728b)
Start importing Assets/AssetStore/Downtown Game Studio/HYPERCASUAL - Simple Female & Male Characters/Prefabs/Male.prefab using Guid(a44228eac41794d45804be4a70225e28) Importer(815301076,1909f56bfc062723c751e8b465ee728b)  -> (artifact id: '0b6a54782f35325bcb75167ba7653fb3') in 0.092467 seconds 
========================================================================
Received Import Request.
  Time since last request: 0.000103 seconds.
  path: Assets/AssetStore/LowPolyFarmLite/Prefabs/WateringCan_01.prefab
  artifactKey: Guid(8877f4aac7d3c184ea4954647487e084) Importer(815301076,1909f56bfc062723c751e8b465ee728b)
Start importing Assets/AssetStore/LowPolyFarmLite/Prefabs/WateringCan_01.prefab using Guid(8877f4aac7d3c184ea4954647487e084) Importer(815301076,1909f56bfc062723c751e8b465ee728b)  -> (artifact id: 'c4edc7bf9416bd72d908227afbdb331a') in 0.038369 seconds 
========================================================================
Received Import Request.
  Time since last request: 0.000111 seconds.
  path: Assets/AssetStore/LowPolyFarmLite/Prefabs/TomatoPlant_01.prefab
  artifactKey: Guid(78da2ace1ab76ce478600ebe37fa10fe) Importer(815301076,1909f56bfc062723c751e8b465ee728b)
Start importing Assets/AssetStore/LowPolyFarmLite/Prefabs/TomatoPlant_01.prefab using Guid(78da2ace1ab76ce478600ebe37fa10fe) Importer(815301076,1909f56bfc062723c751e8b465ee728b)  -> (artifact id: 'f928add04191404d4068311f53d0e297') in 0.040522 seconds 
========================================================================
Received Import Request.
  Time since last request: 0.000091 seconds.
  path: Assets/AssetStore/LowPolyFarmLite/Models/Rock_04.fbx
  artifactKey: Guid(682bef71ca092ef49bfed7f1cef5b893) Importer(815301076,1909f56bfc062723c751e8b465ee728b)
Start importing Assets/AssetStore/LowPolyFarmLite/Models/Rock_04.fbx using Guid(682bef71ca092ef49bfed7f1cef5b893) Importer(815301076,1909f56bfc062723c751e8b465ee728b)  -> (artifact id: '1cd008e2a446d8dc46b5b729578460c5') in 0.177240 seconds 
========================================================================
Received Import Request.
  Time since last request: 0.000106 seconds.
  path: Assets/AssetStore/LowPolyFarmLite/Prefabs/Terrain_01.prefab
  artifactKey: Guid(7ddfa3a1d18174043aab251be6df3a0e) Importer(815301076,1909f56bfc062723c751e8b465ee728b)
Start importing Assets/AssetStore/LowPolyFarmLite/Prefabs/Terrain_01.prefab using Guid(7ddfa3a1d18174043aab251be6df3a0e) Importer(815301076,1909f56bfc062723c751e8b465ee728b)  -> (artifact id: '94d160dd16a74720d1ecfb0e2dd74fd3') in 0.039331 seconds 
========================================================================
Received Import Request.
  Time since last request: 0.000138 seconds.
  path: Assets/Prefab/TomatoField.prefab
  artifactKey: Guid(17bdf4b8770bf48d58ae818569a14226) Importer(815301076,1909f56bfc062723c751e8b465ee728b)
Start importing Assets/Prefab/TomatoField.prefab using Guid(17bdf4b8770bf48d58ae818569a14226) Importer(815301076,1909f56bfc062723c751e8b465ee728b)  -> (artifact id: '23291d180d6296b6b4b0ef76c1d6f779') in 0.043445 seconds 
========================================================================
Received Import Request.
  Time since last request: 0.390710 seconds.
  path: Assets/AssetStore/Downtown Game Studio/HYPERCASUAL - Simple Female & Male Characters/Prefabs/Female.prefab
  artifactKey: Guid(75838df0a41bbbe42b4f2da3a28784d4) Importer(815301076,1909f56bfc062723c751e8b465ee728b)
Start importing Assets/AssetStore/Downtown Game Studio/HYPERCASUAL - Simple Female & Male Characters/Prefabs/Female.prefab using Guid(75838df0a41bbbe42b4f2da3a28784d4) Importer(815301076,1909f56bfc062723c751e8b465ee728b)  -> (artifact id: 'ad3fc173dd1934779082afb51e1d3640') in 0.046693 seconds 
========================================================================
Received Prepare
Registering precompiled user dll's ...
Registered in 0.003746 seconds.
Begin MonoManager ReloadAssembly
Symbol file LoadedFromMemory doesn't match image /Users/ayberkmogol/Documents/GitHub/My-Land/My-Land/Library/PackageCache/com.unity.visualscripting@1.8.0/Editor/VisualScripting.Core/Dependencies/YamlDotNet/Unity.VisualScripting.YamlDotNet.dll
Symbol file LoadedFromMemory doesn't match image /Users/ayberkmogol/Documents/GitHub/My-Land/My-Land/Library/PackageCache/com.unity.visualscripting@1.8.0/Editor/VisualScripting.Core/Dependencies/DotNetZip/Unity.VisualScripting.IonicZip.dll
Native extension for iOS target not found
Native extension for Android target not found
Native extension for OSXStandalone target not found
Native extension for WebGL target not found
Refreshing native plugins compatible for Editor in 0.65 ms, found 2 plugins.
Preloading 0 native plugins for Editor in 0.00 ms.
Mono: successfully reloaded assembly
- Completed reload, in  1.772 seconds
Domain Reload Profiling:
	ReloadAssembly (1773ms)
		BeginReloadAssembly (217ms)
			ExecutionOrderSort (0ms)
			DisableScriptedObjects (7ms)
			BackupInstance (0ms)
			ReleaseScriptingObjects (0ms)
			CreateAndSetChildDomain (77ms)
		EndReloadAssembly (1405ms)
			LoadAssemblies (120ms)
			RebuildTransferFunctionScriptingTraits (0ms)
			SetupTypeCache (493ms)
			ReleaseScriptCaches (2ms)
			RebuildScriptCaches (86ms)
			SetupLoadedEditorAssemblies (589ms)
				LogAssemblyErrors (0ms)
				InitializePlatformSupportModulesInManaged (81ms)
				SetLoadedEditorAssemblies (1ms)
				RefreshPlugins (1ms)
				BeforeProcessingInitializeOnLoad (87ms)
				ProcessInitializeOnLoadAttributes (383ms)
				ProcessInitializeOnLoadMethodAttributes (34ms)
				AfterProcessingInitializeOnLoad (3ms)
				EditorAssembliesLoaded (0ms)
			ExecutionOrderSort2 (0ms)
			AwakeInstancesAfterBackupRestoration (6ms)
Platform modules already initialized, skipping
Refreshing native plugins compatible for Editor in 1.59 ms, found 2 plugins.
Preloading 0 native plugins for Editor in 0.00 ms.
Unloading 3207 Unused Serialized files (Serialized files now loaded: 0)
Unloading 18 unused Assets / (135.0 KB). Loaded Objects now: 3820.
Memory consumption went from 153.8 MB to 153.7 MB.
Total: 4.336713 ms (FindLiveObjects: 0.304904 ms CreateObjectMapping: 0.211041 ms MarkObjects: 3.699484 ms  DeleteObjects: 0.120335 ms)

AssetImportParameters requested are different than current active one (requested -> active):
  custom:video-decoder-ogg-theora: a1e56fd34408186e4bbccfd4996cb3dc -> 
  custom:container-muxer-webm: aa71ff27fc2769a1b78a27578f13a17b -> 
  custom:container-demuxer-webm: 4f35f7cbe854078d1ac9338744f61a02 -> 
  custom:video-encoder-webm-vp8: eb34c28f22e8b96e1ab97ce403110664 -> 
  custom:framework-osx-AVFoundation: e770b220cccbd017edd2c1fefb359320 -> 
  custom:audio-encoder-webm-vorbis: bf7c407c2cedff20999df2af8eb42d56 -> 
  custom:container-demuxer-ogg: 62fdf1f143b41e24485cea50d1cbac27 -> 
  custom:video-decoder-webm-vp8: 9c59270c3fd7afecdb556c50c9e8de78 -> 
  custom:audio-decoder-ogg-vorbis: bf7c407c2cedff20999df2af8eb42d56 -> 
========================================================================
Received Prepare
Registering precompiled user dll's ...
Registered in 0.003854 seconds.
Begin MonoManager ReloadAssembly
Symbol file LoadedFromMemory doesn't match image /Users/ayberkmogol/Documents/GitHub/My-Land/My-Land/Library/PackageCache/com.unity.visualscripting@1.8.0/Editor/VisualScripting.Core/Dependencies/YamlDotNet/Unity.VisualScripting.YamlDotNet.dll
Symbol file LoadedFromMemory doesn't match image /Users/ayberkmogol/Documents/GitHub/My-Land/My-Land/Library/PackageCache/com.unity.visualscripting@1.8.0/Editor/VisualScripting.Core/Dependencies/DotNetZip/Unity.VisualScripting.IonicZip.dll
Native extension for iOS target not found
Native extension for Android target not found
Native extension for OSXStandalone target not found
Native extension for WebGL target not found
Refreshing native plugins compatible for Editor in 0.71 ms, found 2 plugins.
Preloading 0 native plugins for Editor in 0.00 ms.
Mono: successfully reloaded assembly
- Completed reload, in  1.751 seconds
Domain Reload Profiling:
	ReloadAssembly (1752ms)
		BeginReloadAssembly (217ms)
			ExecutionOrderSort (0ms)
			DisableScriptedObjects (8ms)
			BackupInstance (0ms)
			ReleaseScriptingObjects (0ms)
			CreateAndSetChildDomain (74ms)
		EndReloadAssembly (1385ms)
			LoadAssemblies (121ms)
			RebuildTransferFunctionScriptingTraits (0ms)
			SetupTypeCache (472ms)
			ReleaseScriptCaches (1ms)
			RebuildScriptCaches (88ms)
			SetupLoadedEditorAssemblies (607ms)
				LogAssemblyErrors (0ms)
				InitializePlatformSupportModulesInManaged (51ms)
				SetLoadedEditorAssemblies (1ms)
				RefreshPlugins (1ms)
				BeforeProcessingInitializeOnLoad (89ms)
				ProcessInitializeOnLoadAttributes (428ms)
				ProcessInitializeOnLoadMethodAttributes (35ms)
				AfterProcessingInitializeOnLoad (3ms)
				EditorAssembliesLoaded (0ms)
			ExecutionOrderSort2 (0ms)
			AwakeInstancesAfterBackupRestoration (6ms)
Platform modules already initialized, skipping
Refreshing native plugins compatible for Editor in 1.79 ms, found 2 plugins.
Preloading 0 native plugins for Editor in 0.00 ms.
Unloading 3207 Unused Serialized files (Serialized files now loaded: 0)
Unloading 18 unused Assets / (135.0 KB). Loaded Objects now: 3835.
Memory consumption went from 153.8 MB to 153.7 MB.
Total: 4.443399 ms (FindLiveObjects: 0.297178 ms CreateObjectMapping: 0.211766 ms MarkObjects: 3.811503 ms  DeleteObjects: 0.121890 ms)

AssetImportParameters requested are different than current active one (requested -> active):
  custom:video-decoder-ogg-theora: a1e56fd34408186e4bbccfd4996cb3dc -> 
  custom:container-muxer-webm: aa71ff27fc2769a1b78a27578f13a17b -> 
  custom:container-demuxer-webm: 4f35f7cbe854078d1ac9338744f61a02 -> 
  custom:video-encoder-webm-vp8: eb34c28f22e8b96e1ab97ce403110664 -> 
  custom:framework-osx-AVFoundation: e770b220cccbd017edd2c1fefb359320 -> 
  custom:audio-encoder-webm-vorbis: bf7c407c2cedff20999df2af8eb42d56 -> 
  custom:container-demuxer-ogg: 62fdf1f143b41e24485cea50d1cbac27 -> 
  custom:video-decoder-webm-vp8: 9c59270c3fd7afecdb556c50c9e8de78 -> 
  custom:audio-decoder-ogg-vorbis: bf7c407c2cedff20999df2af8eb42d56 -> 
========================================================================
Received Prepare
Registering precompiled user dll's ...
Registered in 0.003935 seconds.
Begin MonoManager ReloadAssembly
Symbol file LoadedFromMemory doesn't match image /Users/ayberkmogol/Documents/GitHub/My-Land/My-Land/Library/PackageCache/com.unity.visualscripting@1.8.0/Editor/VisualScripting.Core/Dependencies/YamlDotNet/Unity.VisualScripting.YamlDotNet.dll
Symbol file LoadedFromMemory doesn't match image /Users/ayberkmogol/Documents/GitHub/My-Land/My-Land/Library/PackageCache/com.unity.visualscripting@1.8.0/Editor/VisualScripting.Core/Dependencies/DotNetZip/Unity.VisualScripting.IonicZip.dll
Native extension for iOS target not found
Native extension for Android target not found
Native extension for OSXStandalone target not found
Native extension for WebGL target not found
Refreshing native plugins compatible for Editor in 0.72 ms, found 2 plugins.
Preloading 0 native plugins for Editor in 0.00 ms.
Mono: successfully reloaded assembly
- Completed reload, in  1.750 seconds
Domain Reload Profiling:
	ReloadAssembly (1751ms)
		BeginReloadAssembly (209ms)
			ExecutionOrderSort (0ms)
			DisableScriptedObjects (8ms)
			BackupInstance (0ms)
			ReleaseScriptingObjects (0ms)
			CreateAndSetChildDomain (70ms)
		EndReloadAssembly (1392ms)
			LoadAssemblies (116ms)
			RebuildTransferFunctionScriptingTraits (0ms)
			SetupTypeCache (480ms)
			ReleaseScriptCaches (2ms)
			RebuildScriptCaches (86ms)
			SetupLoadedEditorAssemblies (594ms)
				LogAssemblyErrors (0ms)
				InitializePlatformSupportModulesInManaged (102ms)
				SetLoadedEditorAssemblies (1ms)
				RefreshPlugins (1ms)
				BeforeProcessingInitializeOnLoad (90ms)
				ProcessInitializeOnLoadAttributes (363ms)
				ProcessInitializeOnLoadMethodAttributes (35ms)
				AfterProcessingInitializeOnLoad (3ms)
				EditorAssembliesLoaded (0ms)
			ExecutionOrderSort2 (0ms)
			AwakeInstancesAfterBackupRestoration (6ms)
Platform modules already initialized, skipping
Refreshing native plugins compatible for Editor in 1.84 ms, found 2 plugins.
Preloading 0 native plugins for Editor in 0.00 ms.
Unloading 3207 Unused Serialized files (Serialized files now loaded: 0)
Unloading 18 unused Assets / (135.1 KB). Loaded Objects now: 3850.
Memory consumption went from 153.8 MB to 153.7 MB.
Total: 4.457318 ms (FindLiveObjects: 0.305135 ms CreateObjectMapping: 0.200943 ms MarkObjects: 3.828020 ms  DeleteObjects: 0.121886 ms)

AssetImportParameters requested are different than current active one (requested -> active):
  custom:video-decoder-ogg-theora: a1e56fd34408186e4bbccfd4996cb3dc -> 
  custom:container-muxer-webm: aa71ff27fc2769a1b78a27578f13a17b -> 
  custom:container-demuxer-webm: 4f35f7cbe854078d1ac9338744f61a02 -> 
  custom:video-encoder-webm-vp8: eb34c28f22e8b96e1ab97ce403110664 -> 
  custom:framework-osx-AVFoundation: e770b220cccbd017edd2c1fefb359320 -> 
  custom:audio-encoder-webm-vorbis: bf7c407c2cedff20999df2af8eb42d56 -> 
  custom:container-demuxer-ogg: 62fdf1f143b41e24485cea50d1cbac27 -> 
  custom:video-decoder-webm-vp8: 9c59270c3fd7afecdb556c50c9e8de78 -> 
  custom:audio-decoder-ogg-vorbis: bf7c407c2cedff20999df2af8eb42d56 -> 
========================================================================
Received Prepare
Registering precompiled user dll's ...
Registered in 0.003644 seconds.
Begin MonoManager ReloadAssembly
Symbol file LoadedFromMemory doesn't match image /Users/ayberkmogol/Documents/GitHub/My-Land/My-Land/Library/PackageCache/com.unity.visualscripting@1.8.0/Editor/VisualScripting.Core/Dependencies/YamlDotNet/Unity.VisualScripting.YamlDotNet.dll
Symbol file LoadedFromMemory doesn't match image /Users/ayberkmogol/Documents/GitHub/My-Land/My-Land/Library/PackageCache/com.unity.visualscripting@1.8.0/Editor/VisualScripting.Core/Dependencies/DotNetZip/Unity.VisualScripting.IonicZip.dll
Native extension for iOS target not found
Native extension for Android target not found
Native extension for OSXStandalone target not found
Native extension for WebGL target not found
Refreshing native plugins compatible for Editor in 0.66 ms, found 2 plugins.
Preloading 0 native plugins for Editor in 0.00 ms.
Mono: successfully reloaded assembly
- Completed reload, in  1.708 seconds
Domain Reload Profiling:
	ReloadAssembly (1710ms)
		BeginReloadAssembly (213ms)
			ExecutionOrderSort (0ms)
			DisableScriptedObjects (8ms)
			BackupInstance (0ms)
			ReleaseScriptingObjects (0ms)
			CreateAndSetChildDomain (73ms)
		EndReloadAssembly (1348ms)
			LoadAssemblies (116ms)
			RebuildTransferFunctionScriptingTraits (0ms)
			SetupTypeCache (477ms)
			ReleaseScriptCaches (1ms)
			RebuildScriptCaches (90ms)
			SetupLoadedEditorAssemblies (557ms)
				LogAssemblyErrors (0ms)
				InitializePlatformSupportModulesInManaged (51ms)
				SetLoadedEditorAssemblies (1ms)
				RefreshPlugins (1ms)
				BeforeProcessingInitializeOnLoad (86ms)
				ProcessInitializeOnLoadAttributes (380ms)
				ProcessInitializeOnLoadMethodAttributes (34ms)
				AfterProcessingInitializeOnLoad (3ms)
				EditorAssembliesLoaded (0ms)
			ExecutionOrderSort2 (0ms)
			AwakeInstancesAfterBackupRestoration (6ms)
Platform modules already initialized, skipping
Refreshing native plugins compatible for Editor in 1.66 ms, found 2 plugins.
Preloading 0 native plugins for Editor in 0.00 ms.
Unloading 3207 Unused Serialized files (Serialized files now loaded: 0)
Unloading 18 unused Assets / (135.1 KB). Loaded Objects now: 3865.
Memory consumption went from 153.8 MB to 153.7 MB.
Total: 4.685502 ms (FindLiveObjects: 0.326788 ms CreateObjectMapping: 0.219823 ms MarkObjects: 4.003932 ms  DeleteObjects: 0.133552 ms)

AssetImportParameters requested are different than current active one (requested -> active):
  custom:video-decoder-ogg-theora: a1e56fd34408186e4bbccfd4996cb3dc -> 
  custom:container-muxer-webm: aa71ff27fc2769a1b78a27578f13a17b -> 
  custom:container-demuxer-webm: 4f35f7cbe854078d1ac9338744f61a02 -> 
  custom:video-encoder-webm-vp8: eb34c28f22e8b96e1ab97ce403110664 -> 
  custom:framework-osx-AVFoundation: e770b220cccbd017edd2c1fefb359320 -> 
  custom:audio-encoder-webm-vorbis: bf7c407c2cedff20999df2af8eb42d56 -> 
  custom:container-demuxer-ogg: 62fdf1f143b41e24485cea50d1cbac27 -> 
  custom:video-decoder-webm-vp8: 9c59270c3fd7afecdb556c50c9e8de78 -> 
  custom:audio-decoder-ogg-vorbis: bf7c407c2cedff20999df2af8eb42d56 -> 
========================================================================
Received Prepare
Registering precompiled user dll's ...
Registered in 0.003337 seconds.
Begin MonoManager ReloadAssembly
Symbol file LoadedFromMemory doesn't match image /Users/ayberkmogol/Documents/GitHub/My-Land/My-Land/Library/PackageCache/com.unity.visualscripting@1.8.0/Editor/VisualScripting.Core/Dependencies/YamlDotNet/Unity.VisualScripting.YamlDotNet.dll
Symbol file LoadedFromMemory doesn't match image /Users/ayberkmogol/Documents/GitHub/My-Land/My-Land/Library/PackageCache/com.unity.visualscripting@1.8.0/Editor/VisualScripting.Core/Dependencies/DotNetZip/Unity.VisualScripting.IonicZip.dll
Native extension for iOS target not found
Native extension for Android target not found
Native extension for OSXStandalone target not found
Native extension for WebGL target not found
Refreshing native plugins compatible for Editor in 0.63 ms, found 2 plugins.
Preloading 0 native plugins for Editor in 0.00 ms.
Mono: successfully reloaded assembly
- Completed reload, in  1.748 seconds
Domain Reload Profiling:
	ReloadAssembly (1750ms)
		BeginReloadAssembly (213ms)
			ExecutionOrderSort (0ms)
			DisableScriptedObjects (9ms)
			BackupInstance (0ms)
			ReleaseScriptingObjects (0ms)
			CreateAndSetChildDomain (72ms)
		EndReloadAssembly (1389ms)
			LoadAssemblies (117ms)
			RebuildTransferFunctionScriptingTraits (0ms)
			SetupTypeCache (540ms)
			ReleaseScriptCaches (2ms)
			RebuildScriptCaches (86ms)
			SetupLoadedEditorAssemblies (542ms)
				LogAssemblyErrors (0ms)
				InitializePlatformSupportModulesInManaged (51ms)
				SetLoadedEditorAssemblies (1ms)
				RefreshPlugins (1ms)
				BeforeProcessingInitializeOnLoad (87ms)
				ProcessInitializeOnLoadAttributes (365ms)
				ProcessInitializeOnLoadMethodAttributes (34ms)
				AfterProcessingInitializeOnLoad (3ms)
				EditorAssembliesLoaded (0ms)
			ExecutionOrderSort2 (0ms)
			AwakeInstancesAfterBackupRestoration (6ms)
Platform modules already initialized, skipping
Refreshing native plugins compatible for Editor in 1.62 ms, found 2 plugins.
Preloading 0 native plugins for Editor in 0.00 ms.
Unloading 3207 Unused Serialized files (Serialized files now loaded: 0)
Unloading 18 unused Assets / (135.0 KB). Loaded Objects now: 3880.
Memory consumption went from 153.8 MB to 153.7 MB.
Total: 4.617868 ms (FindLiveObjects: 0.307406 ms CreateObjectMapping: 0.223645 ms MarkObjects: 3.963639 ms  DeleteObjects: 0.121618 ms)

AssetImportParameters requested are different than current active one (requested -> active):
  custom:video-decoder-ogg-theora: a1e56fd34408186e4bbccfd4996cb3dc -> 
  custom:container-muxer-webm: aa71ff27fc2769a1b78a27578f13a17b -> 
  custom:container-demuxer-webm: 4f35f7cbe854078d1ac9338744f61a02 -> 
  custom:video-encoder-webm-vp8: eb34c28f22e8b96e1ab97ce403110664 -> 
  custom:framework-osx-AVFoundation: e770b220cccbd017edd2c1fefb359320 -> 
  custom:audio-encoder-webm-vorbis: bf7c407c2cedff20999df2af8eb42d56 -> 
  custom:container-demuxer-ogg: 62fdf1f143b41e24485cea50d1cbac27 -> 
  custom:video-decoder-webm-vp8: 9c59270c3fd7afecdb556c50c9e8de78 -> 
  custom:audio-decoder-ogg-vorbis: bf7c407c2cedff20999df2af8eb42d56 -> 
========================================================================
Received Prepare
Registering precompiled user dll's ...
Registered in 0.003342 seconds.
Begin MonoManager ReloadAssembly
Symbol file LoadedFromMemory doesn't match image /Users/ayberkmogol/Documents/GitHub/My-Land/My-Land/Library/PackageCache/com.unity.visualscripting@1.8.0/Editor/VisualScripting.Core/Dependencies/YamlDotNet/Unity.VisualScripting.YamlDotNet.dll
Symbol file LoadedFromMemory doesn't match image /Users/ayberkmogol/Documents/GitHub/My-Land/My-Land/Library/PackageCache/com.unity.visualscripting@1.8.0/Editor/VisualScripting.Core/Dependencies/DotNetZip/Unity.VisualScripting.IonicZip.dll
Native extension for iOS target not found
Native extension for Android target not found
Native extension for OSXStandalone target not found
Native extension for WebGL target not found
Refreshing native plugins compatible for Editor in 0.71 ms, found 2 plugins.
Preloading 0 native plugins for Editor in 0.00 ms.
Mono: successfully reloaded assembly
- Completed reload, in  1.656 seconds
Domain Reload Profiling:
	ReloadAssembly (1657ms)
		BeginReloadAssembly (210ms)
			ExecutionOrderSort (0ms)
			DisableScriptedObjects (8ms)
			BackupInstance (0ms)
			ReleaseScriptingObjects (0ms)
			CreateAndSetChildDomain (70ms)
		EndReloadAssembly (1300ms)
			LoadAssemblies (118ms)
			RebuildTransferFunctionScriptingTraits (0ms)
			SetupTypeCache (464ms)
			ReleaseScriptCaches (1ms)
			RebuildScriptCaches (77ms)
			SetupLoadedEditorAssemblies (548ms)
				LogAssemblyErrors (0ms)
				InitializePlatformSupportModulesInManaged (52ms)
				SetLoadedEditorAssemblies (1ms)
				RefreshPlugins (1ms)
				BeforeProcessingInitializeOnLoad (88ms)
				ProcessInitializeOnLoadAttributes (369ms)
				ProcessInitializeOnLoadMethodAttributes (34ms)
				AfterProcessingInitializeOnLoad (3ms)
				EditorAssembliesLoaded (0ms)
			ExecutionOrderSort2 (0ms)
			AwakeInstancesAfterBackupRestoration (6ms)
Platform modules already initialized, skipping
Refreshing native plugins compatible for Editor in 2.25 ms, found 2 plugins.
Preloading 0 native plugins for Editor in 0.00 ms.
Unloading 3207 Unused Serialized files (Serialized files now loaded: 0)
Unloading 18 unused Assets / (135.0 KB). Loaded Objects now: 3895.
Memory consumption went from 153.9 MB to 153.7 MB.
Total: 4.571159 ms (FindLiveObjects: 0.342783 ms CreateObjectMapping: 0.280226 ms MarkObjects: 3.753079 ms  DeleteObjects: 0.194090 ms)

AssetImportParameters requested are different than current active one (requested -> active):
  custom:video-decoder-ogg-theora: a1e56fd34408186e4bbccfd4996cb3dc -> 
  custom:container-muxer-webm: aa71ff27fc2769a1b78a27578f13a17b -> 
  custom:container-demuxer-webm: 4f35f7cbe854078d1ac9338744f61a02 -> 
  custom:video-encoder-webm-vp8: eb34c28f22e8b96e1ab97ce403110664 -> 
  custom:framework-osx-AVFoundation: e770b220cccbd017edd2c1fefb359320 -> 
  custom:audio-encoder-webm-vorbis: bf7c407c2cedff20999df2af8eb42d56 -> 
  custom:container-demuxer-ogg: 62fdf1f143b41e24485cea50d1cbac27 -> 
  custom:video-decoder-webm-vp8: 9c59270c3fd7afecdb556c50c9e8de78 -> 
  custom:audio-decoder-ogg-vorbis: bf7c407c2cedff20999df2af8eb42d56 -> 
========================================================================
Received Prepare
Registering precompiled user dll's ...
Registered in 0.004077 seconds.
Begin MonoManager ReloadAssembly
Symbol file LoadedFromMemory doesn't match image /Users/ayberkmogol/Documents/GitHub/My-Land/My-Land/Library/PackageCache/com.unity.visualscripting@1.8.0/Editor/VisualScripting.Core/Dependencies/YamlDotNet/Unity.VisualScripting.YamlDotNet.dll
Symbol file LoadedFromMemory doesn't match image /Users/ayberkmogol/Documents/GitHub/My-Land/My-Land/Library/PackageCache/com.unity.visualscripting@1.8.0/Editor/VisualScripting.Core/Dependencies/DotNetZip/Unity.VisualScripting.IonicZip.dll
Native extension for iOS target not found
Native extension for Android target not found
Native extension for OSXStandalone target not found
Native extension for WebGL target not found
Refreshing native plugins compatible for Editor in 0.66 ms, found 2 plugins.
Preloading 0 native plugins for Editor in 0.00 ms.
Mono: successfully reloaded assembly
- Completed reload, in  1.746 seconds
Domain Reload Profiling:
	ReloadAssembly (1747ms)
		BeginReloadAssembly (217ms)
			ExecutionOrderSort (0ms)
			DisableScriptedObjects (8ms)
			BackupInstance (0ms)
			ReleaseScriptingObjects (0ms)
			CreateAndSetChildDomain (75ms)
		EndReloadAssembly (1381ms)
			LoadAssemblies (119ms)
			RebuildTransferFunctionScriptingTraits (0ms)
			SetupTypeCache (480ms)
			ReleaseScriptCaches (1ms)
			RebuildScriptCaches (79ms)
			SetupLoadedEditorAssemblies (549ms)
				LogAssemblyErrors (0ms)
				InitializePlatformSupportModulesInManaged (53ms)
				SetLoadedEditorAssemblies (1ms)
				RefreshPlugins (1ms)
				BeforeProcessingInitializeOnLoad (89ms)
				ProcessInitializeOnLoadAttributes (368ms)
				ProcessInitializeOnLoadMethodAttributes (34ms)
				AfterProcessingInitializeOnLoad (3ms)
				EditorAssembliesLoaded (0ms)
			ExecutionOrderSort2 (0ms)
			AwakeInstancesAfterBackupRestoration (6ms)
Platform modules already initialized, skipping
Refreshing native plugins compatible for Editor in 1.74 ms, found 2 plugins.
Preloading 0 native plugins for Editor in 0.00 ms.
Unloading 3207 Unused Serialized files (Serialized files now loaded: 0)
Unloading 18 unused Assets / (135.1 KB). Loaded Objects now: 3910.
Memory consumption went from 153.9 MB to 153.8 MB.
Total: 4.679961 ms (FindLiveObjects: 0.331038 ms CreateObjectMapping: 0.245884 ms MarkObjects: 3.968717 ms  DeleteObjects: 0.133275 ms)

AssetImportParameters requested are different than current active one (requested -> active):
  custom:video-decoder-ogg-theora: a1e56fd34408186e4bbccfd4996cb3dc -> 
  custom:container-muxer-webm: aa71ff27fc2769a1b78a27578f13a17b -> 
  custom:container-demuxer-webm: 4f35f7cbe854078d1ac9338744f61a02 -> 
  custom:video-encoder-webm-vp8: eb34c28f22e8b96e1ab97ce403110664 -> 
  custom:framework-osx-AVFoundation: e770b220cccbd017edd2c1fefb359320 -> 
  custom:audio-encoder-webm-vorbis: bf7c407c2cedff20999df2af8eb42d56 -> 
  custom:container-demuxer-ogg: 62fdf1f143b41e24485cea50d1cbac27 -> 
  custom:video-decoder-webm-vp8: 9c59270c3fd7afecdb556c50c9e8de78 -> 
  custom:audio-decoder-ogg-vorbis: bf7c407c2cedff20999df2af8eb42d56 -> 
